<?xml version="1.0" encoding="UTF-8"?>
<testng-results skipped="0" failed="0" total="1" passed="1">
  <reporter-output>
  </reporter-output>
  <suite name="Default suite" duration-ms="37" started-at="2017-06-12T08:57:33Z" finished-at="2017-06-12T08:57:33Z">
    <groups>
    </groups>
    <test name="Default test" duration-ms="37" started-at="2017-06-12T08:57:33Z" finished-at="2017-06-12T08:57:33Z">
      <class name="Test.testNG">
        <test-method status="PASS" signature="login()[pri:0, instance:Test.testNG@174d20a]" name="login" is-config="true" duration-ms="11" started-at="2017-06-12T14:27:33Z" finished-at="2017-06-12T14:27:33Z">
          <reporter-output>
          </reporter-output>
        </test-method> <!-- login -->
        <test-method status="PASS" signature="test()[pri:0, instance:Test.testNG@174d20a]" name="test" duration-ms="7" started-at="2017-06-12T14:27:33Z" finished-at="2017-06-12T14:27:33Z">
          <reporter-output>
          </reporter-output>
        </test-method> <!-- test -->
        <test-method status="PASS" signature="logout()[pri:0, instance:Test.testNG@174d20a]" name="logout" is-config="true" duration-ms="0" started-at="2017-06-12T14:27:33Z" finished-at="2017-06-12T14:27:33Z">
          <reporter-output>
          </reporter-output>
        </test-method> <!-- logout -->
      </class> <!-- Test.testNG -->
    </test> <!-- Default test -->
  </suite> <!-- Default suite -->
</testng-results>
